<?xml version="1.0" encoding="UTF-8"?>
<coverage generated="1671783093539" clover="3.2.0">
  <project timestamp="1671783093539" name="All files">
    <metrics statements="6" coveredstatements="6" conditionals="0" coveredconditionals="0" methods="2" coveredmethods="2" elements="8" coveredelements="8" complexity="0" loc="6" ncloc="6" packages="1" files="2" classes="2"/>
    <file name="add.js" path="/Users/haliljonjuraboev/Desktop/Microverse/Module-2/week-2/To-Do-list/src/modules/add.js">
      <metrics statements="3" coveredstatements="3" conditionals="0" coveredconditionals="0" methods="1" coveredmethods="1"/>
      <line num="2" count="1" type="stmt"/>
      <line num="3" count="1" type="stmt"/>
      <line num="5" count="1" type="stmt"/>
    </file>
    <file name="delete.js" path="/Users/haliljonjuraboev/Desktop/Microverse/Module-2/week-2/To-Do-list/src/modules/delete.js">
      <metrics statements="3" coveredstatements="3" conditionals="0" coveredconditionals="0" methods="1" coveredmethods="1"/>
      <line num="2" count="1" type="stmt"/>
      <line num="3" count="1" type="stmt"/>
      <line num="5" count="1" type="stmt"/>
    </file>
  </project>
</coverage>
