{"/Users/haliljonjuraboev/Desktop/Microverse/Module-2/week-2/To-Do-list/src/modules/add.js": {"path":"/Users/haliljonjuraboev/Desktop/Microverse/Module-2/week-2/To-Do-list/src/modules/add.js","statementMap":{"0":{"start":{"line":2,"column":2},"end":{"line":2,"column":25}},"1":{"start":{"line":3,"column":2},"end":{"line":3,"column":17}},"2":{"start":{"line":5,"column":0},"end":{"line":5,"column":21}}},"fnMap":{"0":{"name":"add","decl":{"start":{"line":1,"column":9},"end":{"line":1,"column":12}},"loc":{"start":{"line":1,"column":32},"end":{"line":4,"column":1}},"line":1}},"branchMap":{},"s":{"0":1,"1":1,"2":1},"f":{"0":1},"b":{},"_coverageSchema":"1a1c01bbd47fc00a2c39e90264f33305004495a9","hash":"45ed4b67330a997144f5f27daa56ca95309cf955"}
,"/Users/haliljonjuraboev/Desktop/Microverse/Module-2/week-2/To-Do-list/src/modules/delete.js": {"path":"/Users/haliljonjuraboev/Desktop/Microverse/Module-2/week-2/To-Do-list/src/modules/delete.js","statementMap":{"0":{"start":{"line":2,"column":2},"end":{"line":2,"column":27}},"1":{"start":{"line":3,"column":2},"end":{"line":3,"column":17}},"2":{"start":{"line":5,"column":0},"end":{"line":5,"column":28}}},"fnMap":{"0":{"name":"deleteFunc","decl":{"start":{"line":1,"column":9},"end":{"line":1,"column":19}},"loc":{"start":{"line":1,"column":36},"end":{"line":4,"column":1}},"line":1}},"branchMap":{},"s":{"0":1,"1":1,"2":1},"f":{"0":1},"b":{},"_coverageSchema":"1a1c01bbd47fc00a2c39e90264f33305004495a9","hash":"3f6d0e98fe1e3e347b87ecce4a45b1bd12fce186"}
}
