{"/Users/haliljonjuraboev/Desktop/Microverse/Module-2/week-2/To-Do-list/src/modules/add.js": {"path":"/Users/haliljonjuraboev/Desktop/Microverse/Module-2/week-2/To-Do-list/src/modules/add.js","statementMap":{"0":{"start":{"line":2,"column":2},"end":{"line":2,"column":25}},"1":{"start":{"line":3,"column":2},"end":{"line":3,"column":17}},"2":{"start":{"line":5,"column":0},"end":{"line":5,"column":21}}},"fnMap":{"0":{"name":"add","decl":{"start":{"line":1,"column":9},"end":{"line":1,"column":12}},"loc":{"start":{"line":1,"column":32},"end":{"line":4,"column":1}},"line":1}},"branchMap":{},"s":{"0":1,"1":1,"2":1},"f":{"0":1},"b":{},"_coverageSchema":"1a1c01bbd47fc00a2c39e90264f33305004495a9","hash":"45ed4b67330a997144f5f27daa56ca95309cf955"}
,"/Users/haliljonjuraboev/Desktop/Microverse/Module-2/week-2/To-Do-list/src/modules/clearAll.js": {"path":"/Users/haliljonjuraboev/Desktop/Microverse/Module-2/week-2/To-Do-list/src/modules/clearAll.js","statementMap":{"0":{"start":{"line":2,"column":27},"end":{"line":6,"column":4}},"1":{"start":{"line":3,"column":4},"end":{"line":5,"column":5}},"2":{"start":{"line":4,"column":6},"end":{"line":4,"column":18}},"3":{"start":{"line":7,"column":2},"end":{"line":7,"column":26}},"4":{"start":{"line":10,"column":0},"end":{"line":10,"column":26}}},"fnMap":{"0":{"name":"clearAll","decl":{"start":{"line":1,"column":9},"end":{"line":1,"column":17}},"loc":{"start":{"line":1,"column":27},"end":{"line":8,"column":1}},"line":1},"1":{"name":"(anonymous_1)","decl":{"start":{"line":2,"column":42},"end":{"line":2,"column":43}},"loc":{"start":{"line":2,"column":62},"end":{"line":6,"column":3}},"line":2}},"branchMap":{"0":{"loc":{"start":{"line":3,"column":4},"end":{"line":5,"column":5}},"type":"if","locations":[{"start":{"line":3,"column":4},"end":{"line":5,"column":5}},{"start":{},"end":{}}],"line":3}},"s":{"0":0,"1":0,"2":0,"3":0,"4":1},"f":{"0":0,"1":0},"b":{"0":[0,0]},"_coverageSchema":"1a1c01bbd47fc00a2c39e90264f33305004495a9","hash":"6a3ac7cb035438df54cfd1026ac79110725ed50b"}
,"/Users/haliljonjuraboev/Desktop/Microverse/Module-2/week-2/To-Do-list/src/modules/delete.js": {"path":"/Users/haliljonjuraboev/Desktop/Microverse/Module-2/week-2/To-Do-list/src/modules/delete.js","statementMap":{"0":{"start":{"line":2,"column":2},"end":{"line":2,"column":27}},"1":{"start":{"line":3,"column":2},"end":{"line":3,"column":17}},"2":{"start":{"line":5,"column":0},"end":{"line":5,"column":28}}},"fnMap":{"0":{"name":"deleteFunc","decl":{"start":{"line":1,"column":9},"end":{"line":1,"column":19}},"loc":{"start":{"line":1,"column":36},"end":{"line":4,"column":1}},"line":1}},"branchMap":{},"s":{"0":1,"1":1,"2":1},"f":{"0":1},"b":{},"_coverageSchema":"1a1c01bbd47fc00a2c39e90264f33305004495a9","hash":"3f6d0e98fe1e3e347b87ecce4a45b1bd12fce186"}
,"/Users/haliljonjuraboev/Desktop/Microverse/Module-2/week-2/To-Do-list/src/modules/edit.js": {"path":"/Users/haliljonjuraboev/Desktop/Microverse/Module-2/week-2/To-Do-list/src/modules/edit.js","statementMap":{"0":{"start":{"line":2,"column":2},"end":{"line":2,"column":61}},"1":{"start":{"line":3,"column":2},"end":{"line":3,"column":17}},"2":{"start":{"line":6,"column":0},"end":{"line":6,"column":22}}},"fnMap":{"0":{"name":"edit","decl":{"start":{"line":1,"column":9},"end":{"line":1,"column":13}},"loc":{"start":{"line":1,"column":38},"end":{"line":4,"column":1}},"line":1}},"branchMap":{},"s":{"0":1,"1":1,"2":1},"f":{"0":1},"b":{},"_coverageSchema":"1a1c01bbd47fc00a2c39e90264f33305004495a9","hash":"d56578b53c6c7ea85dae770eb4fa4e89d1d27f53"}
,"/Users/haliljonjuraboev/Desktop/Microverse/Module-2/week-2/To-Do-list/src/modules/updateStatus.js": {"path":"/Users/haliljonjuraboev/Desktop/Microverse/Module-2/week-2/To-Do-list/src/modules/updateStatus.js","statementMap":{"0":{"start":{"line":2,"column":2},"end":{"line":2,"column":36}},"1":{"start":{"line":3,"column":2},"end":{"line":3,"column":17}},"2":{"start":{"line":6,"column":0},"end":{"line":6,"column":39}}},"fnMap":{"0":{"name":"updateCompletedStatus","decl":{"start":{"line":1,"column":9},"end":{"line":1,"column":30}},"loc":{"start":{"line":1,"column":55},"end":{"line":4,"column":1}},"line":1}},"branchMap":{},"s":{"0":0,"1":0,"2":1},"f":{"0":0},"b":{},"_coverageSchema":"1a1c01bbd47fc00a2c39e90264f33305004495a9","hash":"1eb849d567a1bffa5739d8d24560e5bd2ff0d8e3"}
}
