TN:
SF:src/modules/add.js
FN:1,add
FNF:1
FNH:1
FNDA:1,add
DA:2,1
DA:3,1
DA:5,1
LF:3
LH:3
BRF:0
BRH:0
end_of_record
TN:
SF:src/modules/clearAll.js
FN:1,clearAll
FN:2,(anonymous_1)
FNF:2
FNH:0
FNDA:0,clearAll
FNDA:0,(anonymous_1)
DA:2,0
DA:3,0
DA:4,0
DA:7,0
DA:10,1
LF:5
LH:1
BRDA:3,0,0,0
BRDA:3,0,1,0
BRF:2
BRH:0
end_of_record
TN:
SF:src/modules/delete.js
FN:1,deleteFunc
FNF:1
FNH:1
FNDA:1,deleteFunc
DA:2,1
DA:3,1
DA:5,1
LF:3
LH:3
BRF:0
BRH:0
end_of_record
TN:
SF:src/modules/edit.js
FN:1,edit
FNF:1
FNH:1
FNDA:1,edit
DA:2,1
DA:3,1
DA:6,1
LF:3
LH:3
BRF:0
BRH:0
end_of_record
TN:
SF:src/modules/updateStatus.js
FN:1,updateCompletedStatus
FNF:1
FNH:0
FNDA:0,updateCompletedStatus
DA:2,0
DA:3,0
DA:6,1
LF:3
LH:1
BRF:0
BRH:0
end_of_record
